2022.04.30 16:27:46 INFO  tracing is disabled for protocol LSP, to enable tracing of incoming and outgoing JSON messages create an empty file at c:\MaNa_top500songs\.metals\lsp.trace.json or C:\Users\Nadir\AppData\Local\scalameta\metals\cache\lsp.trace.json
2022.04.30 16:27:47 INFO  logging to file C:\MaNa_top500songs\.metals\metals.log
2022.04.30 16:27:47 INFO  Started: Metals version 0.11.5 in workspace 'C:\MaNa_top500songs' for client Visual Studio Code 1.66.2.
2022.04.30 16:27:52 INFO  time: initialize in 4.42s
2022.04.30 16:27:52 WARN  Flyway upgrade recommended: H2 2.1.212 is newer than this version of Flyway and support has not been tested. The latest supported version of H2 is 2.1.210.
2022.04.30 16:27:52 WARN  Build server is not auto-connectable.
2022.04.30 16:27:53 WARN  no build target for: C:\MaNa_top500songs\src\main\scala\MainApp.scala
2022.04.30 16:27:53 WARN  no build target for: C:\MaNa_top500songs\src\main\scala\AppMenu.scala
2022.04.30 16:27:53 WARN  no build target for: C:\MaNa_top500songs\src\main\scala\Top500SongsFileReader.scala
2022.04.30 16:27:53 WARN  no build target for: C:\MaNa_top500songs\src\main\scala\Top500SongsObject.scala
2022.04.30 16:27:58 INFO  running 'C:\Program Files\jdk-11.0.2\bin\java -Djline.terminal=jline.UnsupportedTerminal -Dsbt.log.noformat=true -Dfile.encoding=UTF-8 -jar C:\Users\Nadir\AppData\Local\Temp\metals17337737802437622944\sbt-launch.jar -Dbloop.export-jar-classifiers=sources bloopInstall'
2022.04.30 16:27:58 INFO  no build target found for C:\MaNa_top500songs\src\main\scala\AppMenu.scala. Using presentation compiler with project's scala-library version: 3.1.2
2022.04.30 16:28:01 INFO  time: code lens generation in 8.15s
2022.04.30 16:28:01 INFO  time: code lens generation in 3.76s
2022.04.30 16:28:03 INFO  [info] welcome to sbt 1.6.2 (Oracle Corporation Java 11.0.2)
2022.04.30 16:28:06 INFO  [info] loading settings for project mana_top500songs-build-build from metals.sbt ...
2022.04.30 16:28:06 INFO  [info] loading project definition from C:\MaNa_top500songs\project\project
2022.04.30 16:28:11 INFO  [info] loading settings for project mana_top500songs-build from metals.sbt ...
2022.04.30 16:28:11 INFO  [info] loading project definition from C:\MaNa_top500songs\project
2022.04.30 16:28:15 INFO  [success] Generated .bloop\mana_top500songs-build.json
2022.04.30 16:28:15 INFO  [success] Total time: 5 s, completed 30 Apr 2022, 16:28:16
2022.04.30 16:28:18 INFO  [info] loading settings for project root from build.sbt ...
2022.04.30 16:28:18 INFO  [info] set current project to MaNa_top500songs (in build file:/C:/MaNa_top500songs/)
2022.04.30 16:28:22 INFO  [success] Generated .bloop\root.json
2022.04.30 16:28:22 INFO  [success] Generated .bloop\root-test.json
2022.04.30 16:28:22 INFO  [success] Total time: 4 s, completed 30 Apr 2022, 16:28:22
2022.04.30 16:28:22 INFO  time: ran 'sbt bloopInstall' in 24s
2022.04.30 16:28:22 INFO  Attempting to connect to the build server...
2022.04.30 16:28:31 WARN  no build target for: C:\MaNa_top500songs\src\main\scala\Top500SongsFileReader.scala
Apr 30, 2022 4:28:31 PM org.eclipse.lsp4j.jsonrpc.RemoteEndpoint fallbackResponseError
SEVERE: Internal error: scala.meta.internal.metals.debug.BuildTargetNotFoundForPathException: No build target could be found for the path: C:\MaNa_top500songs\src\main\scala\Top500SongsFileReader.scala
java.util.concurrent.CompletionException: scala.meta.internal.metals.debug.BuildTargetNotFoundForPathException: No build target could be found for the path: C:\MaNa_top500songs\src\main\scala\Top500SongsFileReader.scala
	at java.base/java.util.concurrent.CompletableFuture.encodeThrowable(CompletableFuture.java:331)
	at java.base/java.util.concurrent.CompletableFuture.uniAcceptNow(CompletableFuture.java:743)
	at java.base/java.util.concurrent.CompletableFuture.uniAcceptStage(CompletableFuture.java:731)
	at java.base/java.util.concurrent.CompletableFuture.thenAcceptAsync(CompletableFuture.java:2112)
	at scala.concurrent.java8.FuturesConvertersImpl$CF.thenAccept(FutureConvertersImpl.scala:37)
	at org.eclipse.lsp4j.jsonrpc.RemoteEndpoint.handleRequest(RemoteEndpoint.java:279)
	at org.eclipse.lsp4j.jsonrpc.RemoteEndpoint.consume(RemoteEndpoint.java:190)
	at org.eclipse.lsp4j.jsonrpc.json.StreamMessageProducer.handleMessage(StreamMessageProducer.java:194)
	at org.eclipse.lsp4j.jsonrpc.json.StreamMessageProducer.listen(StreamMessageProducer.java:94)
	at org.eclipse.lsp4j.jsonrpc.json.ConcurrentMessageProcessor.run(ConcurrentMessageProcessor.java:113)
	at java.base/java.util.concurrent.Executors$RunnableAdapter.call(Executors.java:515)
	at java.base/java.util.concurrent.FutureTask.run(FutureTask.java:264)
	at java.base/java.util.concurrent.ThreadPoolExecutor.runWorker(ThreadPoolExecutor.java:1128)
	at java.base/java.util.concurrent.ThreadPoolExecutor$Worker.run(ThreadPoolExecutor.java:628)
	at java.base/java.lang.Thread.run(Thread.java:834)
Caused by: scala.meta.internal.metals.debug.BuildTargetNotFoundForPathException: No build target could be found for the path: C:\MaNa_top500songs\src\main\scala\Top500SongsFileReader.scala
	at scala.meta.internal.metals.debug.DebugProvider.debugDiscovery(DebugProvider.scala:398)
	at scala.meta.internal.metals.MetalsLanguageServer.executeCommand(MetalsLanguageServer.scala:1853)
	at java.base/jdk.internal.reflect.NativeMethodAccessorImpl.invoke0(Native Method)
	at java.base/jdk.internal.reflect.NativeMethodAccessorImpl.invoke(NativeMethodAccessorImpl.java:62)
	at java.base/jdk.internal.reflect.DelegatingMethodAccessorImpl.invoke(DelegatingMethodAccessorImpl.java:43)
	at java.base/java.lang.reflect.Method.invoke(Method.java:566)
	at org.eclipse.lsp4j.jsonrpc.services.GenericEndpoint.lambda$null$0(GenericEndpoint.java:65)
	at org.eclipse.lsp4j.jsonrpc.services.GenericEndpoint.request(GenericEndpoint.java:120)
	at org.eclipse.lsp4j.jsonrpc.RemoteEndpoint.handleRequest(RemoteEndpoint.java:261)
	... 9 more

2022.04.30 16:28:33 INFO  tracing is disabled for protocol BSP, to enable tracing of incoming and outgoing JSON messages create an empty file at C:\MaNa_top500songs\.metals\bsp.trace.json or C:\Users\Nadir\AppData\Local\scalameta\metals\cache\bsp.trace.json
2022.04.30 16:28:35 WARN  no build target for: C:\MaNa_top500songs\src\main\scala\Top500SongsFileReader.scala
Apr 30, 2022 4:28:35 PM org.eclipse.lsp4j.jsonrpc.RemoteEndpoint fallbackResponseError
SEVERE: Internal error: scala.meta.internal.metals.debug.BuildTargetNotFoundForPathException: No build target could be found for the path: C:\MaNa_top500songs\src\main\scala\Top500SongsFileReader.scala
java.util.concurrent.CompletionException: scala.meta.internal.metals.debug.BuildTargetNotFoundForPathException: No build target could be found for the path: C:\MaNa_top500songs\src\main\scala\Top500SongsFileReader.scala
	at java.base/java.util.concurrent.CompletableFuture.encodeThrowable(CompletableFuture.java:331)
	at java.base/java.util.concurrent.CompletableFuture.uniAcceptNow(CompletableFuture.java:743)
	at java.base/java.util.concurrent.CompletableFuture.uniAcceptStage(CompletableFuture.java:731)
	at java.base/java.util.concurrent.CompletableFuture.thenAcceptAsync(CompletableFuture.java:2112)
	at scala.concurrent.java8.FuturesConvertersImpl$CF.thenAccept(FutureConvertersImpl.scala:37)
	at org.eclipse.lsp4j.jsonrpc.RemoteEndpoint.handleRequest(RemoteEndpoint.java:279)
	at org.eclipse.lsp4j.jsonrpc.RemoteEndpoint.consume(RemoteEndpoint.java:190)
	at org.eclipse.lsp4j.jsonrpc.json.StreamMessageProducer.handleMessage(StreamMessageProducer.java:194)
	at org.eclipse.lsp4j.jsonrpc.json.StreamMessageProducer.listen(StreamMessageProducer.java:94)
	at org.eclipse.lsp4j.jsonrpc.json.ConcurrentMessageProcessor.run(ConcurrentMessageProcessor.java:113)
	at java.base/java.util.concurrent.Executors$RunnableAdapter.call(Executors.java:515)
	at java.base/java.util.concurrent.FutureTask.run(FutureTask.java:264)
	at java.base/java.util.concurrent.ThreadPoolExecutor.runWorker(ThreadPoolExecutor.java:1128)
	at java.base/java.util.concurrent.ThreadPoolExecutor$Worker.run(ThreadPoolExecutor.java:628)
	at java.base/java.lang.Thread.run(Thread.java:834)
Caused by: scala.meta.internal.metals.debug.BuildTargetNotFoundForPathException: No build target could be found for the path: C:\MaNa_top500songs\src\main\scala\Top500SongsFileReader.scala
	at scala.meta.internal.metals.debug.DebugProvider.debugDiscovery(DebugProvider.scala:398)
	at scala.meta.internal.metals.MetalsLanguageServer.executeCommand(MetalsLanguageServer.scala:1853)
	at java.base/jdk.internal.reflect.NativeMethodAccessorImpl.invoke0(Native Method)
	at java.base/jdk.internal.reflect.NativeMethodAccessorImpl.invoke(NativeMethodAccessorImpl.java:62)
	at java.base/jdk.internal.reflect.DelegatingMethodAccessorImpl.invoke(DelegatingMethodAccessorImpl.java:43)
	at java.base/java.lang.reflect.Method.invoke(Method.java:566)
	at org.eclipse.lsp4j.jsonrpc.services.GenericEndpoint.lambda$null$0(GenericEndpoint.java:65)
	at org.eclipse.lsp4j.jsonrpc.services.GenericEndpoint.request(GenericEndpoint.java:120)
	at org.eclipse.lsp4j.jsonrpc.RemoteEndpoint.handleRequest(RemoteEndpoint.java:261)
	... 9 more

2022.04.30 16:28:36 INFO  Attempting to connect to the build server...
2022.04.30 16:28:36 INFO  tracing is disabled for protocol BSP, to enable tracing of incoming and outgoing JSON messages create an empty file at C:\MaNa_top500songs\project\.metals\bsp.trace.json or C:\Users\Nadir\AppData\Local\scalameta\metals\cache\bsp.trace.json
2022.04.30 16:28:36 INFO  time: Connected to build server in 14s
2022.04.30 16:28:36 INFO  Connected to Build server: Bloop v1.5.0
2022.04.30 16:28:37 INFO  time: Imported build in 0.19s
2022.04.30 16:28:37 INFO  shutting down Metals
2022.04.30 16:28:37 INFO  Shut down connection with build server.
2022.04.30 16:28:37 INFO  Shut down connection with build server.
